app/build/app/intermediates/manifest_merge_blame_file/debug/manifest-merger-blame-debug-report.txt
1<?xml version="1.0" encoding="utf-8"?>
2<manifest xmlns:android="http://schemas.android.com/apk/res/android"
3    package="com.example.ERP_RANGER"
4    android:versionCode="1"
5    android:versionName="1.0.0" >
6
7    <uses-sdk
8        android:minSdkVersion="16"
9        android:targetSdkVersion="28" />
10    <!--
11         Flutter needs it to communicate with the running application
12         to allow setting breakpoints, to provide hot reload, etc.
13    -->
14    <uses-permission android:name="android.permission.INTERNET" />
14-->src\debug\AndroidManifest.xml:6:5-66
14-->src\debug\AndroidManifest.xml:6:22-64
15    <uses-permission android:name="android.permission.READ_EXTERNAL_STORAGE" />
15-->[:image_picker] AndroidManifest.xml:7:5-80
15-->[:image_picker] AndroidManifest.xml:7:22-77
16    <uses-permission android:name="android.permission.WRITE_EXTERNAL_STORAGE" />
16-->[:image_picker] AndroidManifest.xml:8:5-81
16-->[:image_picker] AndroidManifest.xml:8:22-78
17    <uses-permission android:name="android.permission.ACCESS_NETWORK_STATE" />
17-->[:connectivity] AndroidManifest.xml:7:5-79
17-->[:connectivity] AndroidManifest.xml:7:22-76
18    <uses-permission android:name="android.permission.ACCESS_WIFI_STATE" />
18-->[:connectivity] AndroidManifest.xml:8:5-76
18-->[:connectivity] AndroidManifest.xml:8:22-73
19
20    <uses-feature
20-->[com.google.android.gms:play-services-maps:17.0.0] AndroidManifest.xml:26:5-28:35
21        android:glEsVersion="0x00020000"
21-->[com.google.android.gms:play-services-maps:17.0.0] AndroidManifest.xml:27:9-41
22        android:required="true" />
22-->[com.google.android.gms:play-services-maps:17.0.0] AndroidManifest.xml:28:9-32
23    <!--
24 io.flutter.app.FlutterApplication is an android.app.Application that
25         calls FlutterMain.startInitialization(this); in its onCreate method.
26         In most cases you can leave this as-is, but you if you want to provide
27         additional functionality it is fine to subclass or reimplement
28         FlutterApplication and put your custom class here.
29    -->
30    <application
30-->src\main\AndroidManifest.xml:9:5-63:19
31        android:name="io.flutter.app.FlutterApplication"
31-->src\main\AndroidManifest.xml:10:9-57
32        android:appComponentFactory="androidx.core.app.CoreComponentFactory"
32-->[androidx.core:core:1.1.0] AndroidManifest.xml:24:18-86
33        android:debuggable="true"
34        android:icon="@mipmap/launcher_icon"
34-->src\main\AndroidManifest.xml:12:9-45
35        android:label="ERP Ranger" >
35-->src\main\AndroidManifest.xml:11:9-35
36        <provider
37            android:name="androidx.core.content.FileProvider"
38            android:authorities="com.example.ERP_RANGER.com.shekarmudaliyar.social_share"
39            android:exported="false"
40            android:grantUriPermissions="true" >
41            <meta-data
41-->[:image_picker] AndroidManifest.xml:16:13-18:75
42                android:name="android.support.FILE_PROVIDER_PATHS"
42-->[:image_picker] AndroidManifest.xml:17:17-67
43                android:resource="@xml/filepaths" />
43-->[:image_picker] AndroidManifest.xml:18:17-72
44        </provider>
45
46        <meta-data
46-->src\main\AndroidManifest.xml:25:9-27:70
47            android:name="com.google.android.geo.API_KEY"
47-->src\main\AndroidManifest.xml:26:13-58
48            android:value="AIzaSyBhTc71Q7A8Xbp8HSE1iWQ0TNdW9wPHXqg" />
48-->src\main\AndroidManifest.xml:27:13-68
49
50        <activity
50-->src\main\AndroidManifest.xml:29:9-57:20
51            android:name="com.example.ERP_RANGER.MainActivity"
51-->src\main\AndroidManifest.xml:30:13-41
52            android:configChanges="orientation|keyboardHidden|keyboard|screenSize|smallestScreenSize|locale|layoutDirection|fontScale|screenLayout|density|uiMode"
52-->src\main\AndroidManifest.xml:33:13-163
53            android:hardwareAccelerated="true"
53-->src\main\AndroidManifest.xml:34:13-47
54            android:launchMode="singleTop"
54-->src\main\AndroidManifest.xml:31:13-43
55            android:theme="@style/LaunchTheme"
55-->src\main\AndroidManifest.xml:32:13-47
56            android:windowSoftInputMode="adjustResize" >
56-->src\main\AndroidManifest.xml:35:13-55
57
58            <!--
59                 Specifies an Android theme to apply to this Activity as soon as
60                 the Android process has started. This theme is visible to the user
61                 while the Flutter UI initializes. After that, this theme continues
62                 to determine the Window background behind the Flutter UI.
63            -->
64            <meta-data
64-->src\main\AndroidManifest.xml:40:13-43:17
65                android:name="io.flutter.embedding.android.NormalTheme"
65-->src\main\AndroidManifest.xml:41:15-70
66                android:resource="@style/NormalTheme" />
66-->src\main\AndroidManifest.xml:42:15-52
67            <!--
68                 Displays an Android View that continues showing the launch screen
69                 Drawable until Flutter paints its first frame, then this splash
70                 screen fades out. A splash screen is useful to avoid any visual
71                 gap between the end of Android's launch screen and the painting of
72                 Flutter's first frame.
73            -->
74            <meta-data
74-->src\main\AndroidManifest.xml:49:13-52:17
75                android:name="io.flutter.embedding.android.SplashScreenDrawable"
75-->src\main\AndroidManifest.xml:50:15-79
76                android:resource="@drawable/launch_background" />
76-->src\main\AndroidManifest.xml:51:15-61
77
78            <intent-filter>
78-->src\main\AndroidManifest.xml:53:13-56:29
79                <action android:name="android.intent.action.MAIN" />
79-->src\main\AndroidManifest.xml:54:17-68
79-->src\main\AndroidManifest.xml:54:25-66
80
81                <category android:name="android.intent.category.LAUNCHER" />
81-->src\main\AndroidManifest.xml:55:17-76
81-->src\main\AndroidManifest.xml:55:27-74
82            </intent-filter>
83        </activity>
84        <!--
85             Don't delete the meta-data below.
86             This is used by the Flutter tool to generate GeneratedPluginRegistrant.java
87        -->
88        <meta-data
88-->src\main\AndroidManifest.xml:60:9-62:33
89            android:name="flutterEmbedding"
89-->src\main\AndroidManifest.xml:61:13-44
90            android:value="2" />
90-->src\main\AndroidManifest.xml:62:13-30
91
92        <provider
92-->[:image_picker] AndroidManifest.xml:11:9-19:20
93            android:name="io.flutter.plugins.imagepicker.ImagePickerFileProvider"
93-->[:image_picker] AndroidManifest.xml:12:13-82
94            android:authorities="com.example.ERP_RANGER.flutter.image_provider"
94-->[:image_picker] AndroidManifest.xml:13:13-74
95            android:exported="false"
95-->[:image_picker] AndroidManifest.xml:14:13-37
96            android:grantUriPermissions="true" >
96-->[:image_picker] AndroidManifest.xml:15:13-47
97            <meta-data
97-->[:image_picker] AndroidManifest.xml:16:13-18:75
98                android:name="android.support.FILE_PROVIDER_PATHS"
98-->[:image_picker] AndroidManifest.xml:17:17-67
99                android:resource="@xml/flutter_image_picker_file_paths" />
99-->[:image_picker] AndroidManifest.xml:18:17-72
100        </provider>
101
102        <activity
102-->[:url_launcher] AndroidManifest.xml:8:9-11:74
103            android:name="io.flutter.plugins.urllauncher.WebViewActivity"
103-->[:url_launcher] AndroidManifest.xml:9:13-74
104            android:exported="false"
104-->[:url_launcher] AndroidManifest.xml:10:13-37
105            android:theme="@android:style/Theme.NoTitleBar.Fullscreen" /> <!-- Needs to be explicitly declared on P+ -->
105-->[:url_launcher] AndroidManifest.xml:11:13-71
106        <uses-library
106-->[com.google.android.gms:play-services-maps:17.0.0] AndroidManifest.xml:33:9-35:40
107            android:name="org.apache.http.legacy"
107-->[com.google.android.gms:play-services-maps:17.0.0] AndroidManifest.xml:34:13-50
108            android:required="false" />
108-->[com.google.android.gms:play-services-maps:17.0.0] AndroidManifest.xml:35:13-37
109
110        <activity
110-->[com.google.android.gms:play-services-base:17.0.0] AndroidManifest.xml:23:9-26:75
111            android:name="com.google.android.gms.common.api.GoogleApiActivity"
111-->[com.google.android.gms:play-services-base:17.0.0] AndroidManifest.xml:24:13-79
112            android:exported="false"
112-->[com.google.android.gms:play-services-base:17.0.0] AndroidManifest.xml:25:13-37
113            android:theme="@android:style/Theme.Translucent.NoTitleBar" />
113-->[com.google.android.gms:play-services-base:17.0.0] AndroidManifest.xml:26:13-72
114
115        <meta-data
115-->[com.google.android.gms:play-services-basement:17.0.0] AndroidManifest.xml:23:9-25:69
116            android:name="com.google.android.gms.version"
116-->[com.google.android.gms:play-services-basement:17.0.0] AndroidManifest.xml:24:13-58
117            android:value="@integer/google_play_services_version" />
117-->[com.google.android.gms:play-services-basement:17.0.0] AndroidManifest.xml:25:13-66
118    </application>
119
120</manifest>